<?xml version="1.0" encoding="UTF-8"?>
<testng-results ignored="0" total="2" passed="2" failed="0" skipped="0">
  <reporter-output>
  </reporter-output>
  <suite started-at="2025-04-20T21:59:15 IST" name="Default suite" finished-at="2025-04-20T21:59:15 IST" duration-ms="63">
    <groups>
    </groups>
    <test started-at="2025-04-20T21:59:15 IST" name="Default test" finished-at="2025-04-20T21:59:15 IST" duration-ms="63">
      <class name="com.gaurav.mergereports.TestSuite1">
        <test-method is-config="true" signature="setup1()[pri:0, instance:com.gaurav.mergereports.TestSuite1@7f0eb4b4]" started-at="2025-04-20T21:59:15 IST" name="setup1" finished-at="2025-04-20T21:59:15 IST" duration-ms="346" status="PASS">
          <reporter-output>
          </reporter-output>
        </test-method> <!-- setup1 -->
        <test-method signature="test1()[pri:0, instance:com.gaurav.mergereports.TestSuite1@7f0eb4b4]" started-at="2025-04-20T21:59:15 IST" name="test1" finished-at="2025-04-20T21:59:15 IST" duration-ms="20" status="PASS">
          <reporter-output>
          </reporter-output>
        </test-method> <!-- test1 -->
        <test-method signature="test2()[pri:0, instance:com.gaurav.mergereports.TestSuite1@7f0eb4b4]" started-at="2025-04-20T21:59:15 IST" name="test2" finished-at="2025-04-20T21:59:15 IST" duration-ms="3" status="PASS">
          <reporter-output>
          </reporter-output>
        </test-method> <!-- test2 -->
        <test-method is-config="true" signature="tearDown()[pri:0, instance:com.gaurav.mergereports.TestSuite1@7f0eb4b4]" started-at="2025-04-20T21:59:15 IST" name="tearDown" finished-at="2025-04-20T21:59:16 IST" duration-ms="451" status="PASS">
          <reporter-output>
          </reporter-output>
        </test-method> <!-- tearDown -->
      </class> <!-- com.gaurav.mergereports.TestSuite1 -->
    </test> <!-- Default test -->
  </suite> <!-- Default suite -->
</testng-results>
